e:\plumbergame\plumbergame\framework\x64\debug\vc141.pdb
e:\plumbergame\plumbergame\framework\x64\debug\vc141.idb
e:\plumbergame\plumbergame\framework\x64\debug\test.obj
e:\plumbergame\plumbergame\framework\x64\debug\sprite.obj
e:\plumbergame\plumbergame\framework\x64\debug\sound.obj
e:\plumbergame\plumbergame\framework\x64\debug\pipe.obj
e:\plumbergame\plumbergame\framework\x64\debug\over.obj
e:\plumbergame\plumbergame\framework\x64\debug\mysql.obj
e:\plumbergame\plumbergame\framework\x64\debug\menu.obj
e:\plumbergame\plumbergame\framework\x64\debug\map.obj
e:\plumbergame\plumbergame\framework\x64\debug\main.obj
e:\plumbergame\plumbergame\framework\x64\debug\logo.obj
e:\plumbergame\plumbergame\framework\x64\debug\key.obj
e:\plumbergame\plumbergame\framework\x64\debug\gamemanager.obj
e:\plumbergame\plumbergame\framework\x64\debug\game.obj
e:\plumbergame\plumbergame\framework\x64\debug\eventblock.obj
e:\plumbergame\plumbergame\framework\x64\debug\devicefont.obj
e:\plumbergame\plumbergame\framework\x64\debug\dxutsound.obj
e:\plumbergame\plumbergame\framework\x64\debug\cursur.obj
e:\plumbergame\plumbergame\framework\x64\debug\cmng.obj
e:\plumbergame\plumbergame\x64\debug\framework.ilk
e:\plumbergame\plumbergame\x64\debug\framework.exe
e:\plumbergame\plumbergame\x64\debug\framework.pdb
e:\plumbergame\plumbergame\framework\x64\debug\framework.res
e:\plumbergame\plumbergame\framework\x64\debug\framework.tlog\cl.command.1.tlog
e:\plumbergame\plumbergame\framework\x64\debug\framework.tlog\cl.read.1.tlog
e:\plumbergame\plumbergame\framework\x64\debug\framework.tlog\cl.write.1.tlog
e:\plumbergame\plumbergame\framework\x64\debug\framework.tlog\link.command.1.tlog
e:\plumbergame\plumbergame\framework\x64\debug\framework.tlog\link.read.1.tlog
e:\plumbergame\plumbergame\framework\x64\debug\framework.tlog\link.write.1.tlog
e:\plumbergame\plumbergame\framework\x64\debug\framework.tlog\rc.command.1.tlog
e:\plumbergame\plumbergame\framework\x64\debug\framework.tlog\rc.read.1.tlog
e:\plumbergame\plumbergame\framework\x64\debug\framework.tlog\rc.write.1.tlog
