  CMng.cpp
D:\GitRepository\Plumber-Game\PlumberGame\FrameWork\Include.h(33,10): fatal error C1083: 포함 파일을 열 수 없습니다. 'd3dx9.h': No such file or directory
  Cursor.cpp
D:\GitRepository\Plumber-Game\PlumberGame\FrameWork\Include.h(33,10): fatal error C1083: 포함 파일을 열 수 없습니다. 'd3dx9.h': No such file or directory
  DXUTsound.cpp
D:\GitRepository\Plumber-Game\PlumberGame\FrameWork\DXUTsound.cpp(19,10): fatal error C1083: 포함 파일을 열 수 없습니다. 'dxerr.h': No such file or directory
  DeviceFont.cpp
D:\GitRepository\Plumber-Game\PlumberGame\FrameWork\Include.h(33,10): fatal error C1083: 포함 파일을 열 수 없습니다. 'd3dx9.h': No such file or directory
  EventBlock.cpp
D:\GitRepository\Plumber-Game\PlumberGame\FrameWork\Include.h(33,10): fatal error C1083: 포함 파일을 열 수 없습니다. 'd3dx9.h': No such file or directory
  FmodSound.cpp
  Game.cpp
D:\GitRepository\Plumber-Game\PlumberGame\FrameWork\Include.h(33,10): fatal error C1083: 포함 파일을 열 수 없습니다. 'd3dx9.h': No such file or directory
  GameManager.cpp
D:\GitRepository\Plumber-Game\PlumberGame\FrameWork\Include.h(33,10): fatal error C1083: 포함 파일을 열 수 없습니다. 'd3dx9.h': No such file or directory
  key.cpp
D:\GitRepository\Plumber-Game\PlumberGame\FrameWork\Include.h(33,10): fatal error C1083: 포함 파일을 열 수 없습니다. 'd3dx9.h': No such file or directory
  Logo.cpp
D:\GitRepository\Plumber-Game\PlumberGame\FrameWork\Include.h(33,10): fatal error C1083: 포함 파일을 열 수 없습니다. 'd3dx9.h': No such file or directory
  Main.cpp
D:\GitRepository\Plumber-Game\PlumberGame\FrameWork\Include.h(33,10): fatal error C1083: 포함 파일을 열 수 없습니다. 'd3dx9.h': No such file or directory
  Map.cpp
D:\GitRepository\Plumber-Game\PlumberGame\FrameWork\Include.h(33,10): fatal error C1083: 포함 파일을 열 수 없습니다. 'd3dx9.h': No such file or directory
  Menu.cpp
D:\GitRepository\Plumber-Game\PlumberGame\FrameWork\Include.h(33,10): fatal error C1083: 포함 파일을 열 수 없습니다. 'd3dx9.h': No such file or directory
  Over.cpp
D:\GitRepository\Plumber-Game\PlumberGame\FrameWork\Include.h(33,10): fatal error C1083: 포함 파일을 열 수 없습니다. 'd3dx9.h': No such file or directory
  Pipe.cpp
D:\GitRepository\Plumber-Game\PlumberGame\FrameWork\Include.h(33,10): fatal error C1083: 포함 파일을 열 수 없습니다. 'd3dx9.h': No such file or directory
  Sound.cpp
D:\GitRepository\Plumber-Game\PlumberGame\FrameWork\Include.h(33,10): fatal error C1083: 포함 파일을 열 수 없습니다. 'd3dx9.h': No such file or directory
  Sprite.cpp
D:\GitRepository\Plumber-Game\PlumberGame\FrameWork\Include.h(33,10): fatal error C1083: 포함 파일을 열 수 없습니다. 'd3dx9.h': No such file or directory
  코드를 생성하고 있습니다...
