e:\plumbergame\plumbergame\framework\x64\release\vc141.pdb
e:\plumbergame\plumbergame\framework\x64\release\test.obj
e:\plumbergame\plumbergame\framework\x64\release\sprite.obj
e:\plumbergame\plumbergame\framework\x64\release\sound.obj
e:\plumbergame\plumbergame\framework\x64\release\pipe.obj
e:\plumbergame\plumbergame\framework\x64\release\over.obj
e:\plumbergame\plumbergame\framework\x64\release\mysql.obj
e:\plumbergame\plumbergame\framework\x64\release\menu.obj
e:\plumbergame\plumbergame\framework\x64\release\map.obj
e:\plumbergame\plumbergame\framework\x64\release\main.obj
e:\plumbergame\plumbergame\framework\x64\release\logo.obj
e:\plumbergame\plumbergame\framework\x64\release\key.obj
e:\plumbergame\plumbergame\framework\x64\release\gamemanager.obj
e:\plumbergame\plumbergame\framework\x64\release\game.obj
e:\plumbergame\plumbergame\framework\x64\release\eventblock.obj
e:\plumbergame\plumbergame\framework\x64\release\devicefont.obj
e:\plumbergame\plumbergame\framework\x64\release\dxutsound.obj
e:\plumbergame\plumbergame\framework\x64\release\cursur.obj
e:\plumbergame\plumbergame\framework\x64\release\cmng.obj
e:\plumbergame\plumbergame\x64\release\framework.ipdb
e:\plumbergame\plumbergame\x64\release\framework.iobj
e:\plumbergame\plumbergame\x64\release\framework.exe
e:\plumbergame\plumbergame\x64\release\framework.pdb
e:\plumbergame\plumbergame\framework\x64\release\framework.res
e:\plumbergame\plumbergame\framework\x64\release\framework.tlog\cl.command.1.tlog
e:\plumbergame\plumbergame\framework\x64\release\framework.tlog\cl.read.1.tlog
e:\plumbergame\plumbergame\framework\x64\release\framework.tlog\cl.write.1.tlog
e:\plumbergame\plumbergame\framework\x64\release\framework.tlog\framework.write.1u.tlog
e:\plumbergame\plumbergame\framework\x64\release\framework.tlog\link.command.1.tlog
e:\plumbergame\plumbergame\framework\x64\release\framework.tlog\link.read.1.tlog
e:\plumbergame\plumbergame\framework\x64\release\framework.tlog\link.write.1.tlog
e:\plumbergame\plumbergame\framework\x64\release\framework.tlog\rc.command.1.tlog
e:\plumbergame\plumbergame\framework\x64\release\framework.tlog\rc.read.1.tlog
e:\plumbergame\plumbergame\framework\x64\release\framework.tlog\rc.write.1.tlog
